{
  "RSpec": {
    "coverage": {
      "/Users/Silver/Code_Gladiator/Random_Projects/snack_data_api/spec/service/nutrition_service_spec.rb": [
        1,
        null,
        1,
        1,
        1,
        1,
        null,
        0,
        0,
        null,
        null
      ],
      "/Users/Silver/Code_Gladiator/Random_Projects/snack_data_api/spec/rails_helper.rb": [
        null,
        1,
        1,
        null,
        1,
        null,
        null,
        1,
        1,
        null,
        null,
        null,
        null,
        null,
        null,
        null,
        null,
        null,
        null,
        null,
        null,
        null,
        null,
        null,
        null,
        null,
        null,
        null,
        1,
        1,
        null,
        0,
        0,
        null,
        1,
        null,
        1,
        1,
        null,
        null,
        null,
        1,
        null,
        null,
        null,
        null,
        null,
        1,
        null,
        null,
        null,
        null,
        null,
        null,
        null,
        null,
        null,
        null,
        null,
        null,
        null,
        null,
        1,
        null,
        null,
        1,
        null,
        null,
        null,
        null,
        1,
        1,
        null
      ],
      "/Users/Silver/Code_Gladiator/Random_Projects/snack_data_api/config/environment.rb": [
        null,
        1,
        null,
        null,
        1
      ],
      "/Users/Silver/Code_Gladiator/Random_Projects/snack_data_api/config/application.rb": [
        1,
        null,
        1,
        null,
        1,
        1,
        1,
        1,
        1,
        1,
        1,
        1,
        1,
        1,
        null,
        1,
        null,
        null,
        null,
        1,
        null,
        1,
        1,
        null,
        1,
        null,
        null,
        null,
        null,
        null,
        null,
        null,
        null,
        null,
        1,
        null,
        null
      ],
      "/Users/Silver/Code_Gladiator/Random_Projects/snack_data_api/config/boot.rb": [
        1,
        null,
        1,
        1
      ],
      "/Users/Silver/Code_Gladiator/Random_Projects/snack_data_api/config/environments/test.rb": [
        null,
        null,
        null,
        null,
        null,
        1,
        null,
        null,
        1,
        null,
        null,
        null,
        null,
        1,
        null,
        null,
        1,
        1,
        null,
        null,
        null,
        null,
        1,
        1,
        1,
        null,
        null,
        1,
        null,
        null,
        1,
        null,
        null,
        1,
        null,
        1,
        null,
        null,
        null,
        null,
        1,
        null,
        null,
        1,
        null,
        null,
        null,
        null
      ],
      "/Users/Silver/Code_Gladiator/Random_Projects/snack_data_api/config/initializers/application_controller_renderer.rb": [
        null,
        null,
        null,
        null,
        null,
        null,
        null,
        null
      ],
      "/Users/Silver/Code_Gladiator/Random_Projects/snack_data_api/config/initializers/backtrace_silencers.rb": [
        null,
        null,
        null,
        null,
        null,
        null,
        null
      ],
      "/Users/Silver/Code_Gladiator/Random_Projects/snack_data_api/config/initializers/cors.rb": [
        null,
        null,
        null,
        null,
        null,
        null,
        null,
        null,
        null,
        null,
        null,
        null,
        null,
        null,
        null,
        null
      ],
      "/Users/Silver/Code_Gladiator/Random_Projects/snack_data_api/config/initializers/filter_parameter_logging.rb": [
        null,
        null,
        null,
        1
      ],
      "/Users/Silver/Code_Gladiator/Random_Projects/snack_data_api/config/initializers/inflections.rb": [
        null,
        null,
        null,
        null,
        null,
        null,
        null,
        null,
        null,
        null,
        null,
        null,
        null,
        null,
        null,
        null
      ],
      "/Users/Silver/Code_Gladiator/Random_Projects/snack_data_api/config/initializers/mime_types.rb": [
        null,
        null,
        null,
        null
      ],
      "/Users/Silver/Code_Gladiator/Random_Projects/snack_data_api/config/initializers/wrap_parameters.rb": [
        null,
        null,
        null,
        null,
        null,
        null,
        1,
        1,
        null,
        null,
        null,
        null,
        null,
        null
      ],
      "/Users/Silver/Code_Gladiator/Random_Projects/snack_data_api/config/routes.rb": [
        1,
        null,
        null
      ],
      "/Users/Silver/Code_Gladiator/Random_Projects/snack_data_api/app/services/nutrition_service.rb": [
        1,
        1,
        1,
        null,
        null,
        1,
        null,
        1,
        1,
        1,
        null,
        0,
        null,
        null,
        1,
        1,
        1,
        null,
        null,
        null
      ]
    },
    "timestamp": 1572995769
  }
}
